[LOG] System::create                           : Header version = 1.10.07. Current version = 1.10.07.
[LOG] SystemI::setOutputInternal               : Setting output to 'FMOD WASAPI Output'
[LOG] Manager::init                            : maxchannels = 1024 studioflags = 00000009 flags 00000000 extradriverdata 0000000000000000.
[LOG] SystemI::init                            : Initialize version=11007 (95892), maxchannels=1024, flags=0x00030000
[LOG] OutputWASAPI::init                       : Mix Format (WAVEFORMATEX): wFormatTag=0xFFFE, nChannels=2, nSamplesPerSec=48000, nAvgBytesPerSec=384000, nBlockAlign=8, wBitsPerSample=32, cbSize=22.
[LOG] OutputWASAPI::init                       : Mix Format (WAVEFORMATEXTENSIBLE): wValidBitsPerSample=32, dwChannelMask=0x00000003, SubFormat=00000003-0000-0010-8000-00AA00389B71.
[LOG] OutputWASAPI::init                       : Output buffer size: 4096 samples, latency: 0.00ms, period: 10.00ms, DSP buffer: 1024 * 4
[LOG] Thread::initThread                       : Init FMOD stream thread. Priority: 2, Stack Size: 65536, Semaphore: No, Sleep Time: 10, Looping: Yes.
[LOG] SystemI::DSPCodecPoolRegister            : register codec pool for pool type 5
[LOG] Thread::initThread                       : Init FMOD mixer thread. Priority: 3, Stack Size: 49152, Semaphore: No, Sleep Time: 0, Looping: Yes.
[LOG] AsyncManager::init                       : manager 000000008F13F4B8 isAsync 1 updatePeriod 0.02
[LOG] Thread::initThread                       : Init FMOD Studio update thread. Priority: 0, Stack Size: 65536, Semaphore: No, Sleep Time: 1, Looping: No.
[LOG] AsyncManager::init                       : done
[LOG] PlaybackSystem::init                     : 
[LOG] Thread::initThread                       : Init FMOD Studio sample load thread. Priority: 0, Stack Size: 65536, Semaphore: No, Sleep Time: 1, Looping: No.
[LOG] PlaybackSystem::init                     : done
[LOG] LiveUpdate::init                         : 
[LOG] Thread::initThread                       : Init FMOD Studio bank load thread. Priority: 0, Stack Size: 65536, Semaphore: No, Sleep Time: 1, Looping: No.
[LOG] Manager::init                            : done.
[LOG] Profile::init                            : Profiler listening on port: 9264
[LOG] Manager::readBank                        : fileversion = 100, compatVersion = 99 (oldest = 44, newest = 100)
[LOG] Manager::readBank                        : fileversion = 100, compatVersion = 99 (oldest = 44, newest = 100)
[LOG] PlaybackSystem::acquireMasterBus         : Setting master channel group format to 6
[LOG] SystemI::createSound                     : filename = Assets\Sounds\Fmod\fmod\Build\Desktop/Master Bank.bank : mode 02010082
[LOG] SystemI::createSound                     : FMOD_NONBLOCKING specified.  Putting into queue to be opened asynchronously!
[LOG] Thread::initThread                       : Init FMOD nonblocking thread (0). Priority: 1, Stack Size: 81920, Semaphore: Yes, Sleep Time: 0, Looping: Yes.
[LOG] SystemI::createSound                     : setdata soundi = 000000004CF05A78 : node = 000000003EA29EF0
[LOG] SystemI::createSound                     : add node to async list : head = 000000004CFA09A8.  list count = 0
[LOG] AsyncThread::threadFunc                  : Starting Asynchronous operation on sound 000000004CF05A78
[LOG] SystemI::createSoundInternal             :     Create name='Assets\Sounds\Fmod\fmod\Build\Desktop/Master Bank.bank', mode=0x02010082
[LOG] SystemI::createSoundInternal             :     exinfo->cbsize             = 232
[LOG] SystemI::createSoundInternal             :     exinfo->length             = 5461344
[LOG] SystemI::createSoundInternal             :     exinfo->fileoffset         = 24064
[LOG] SystemI::createSoundInternal             :     exinfo->numsubsounds       = 1
[LOG] SystemI::createSoundInternal             :     exinfo->inclusionlist      = 000000003EA2A008
[LOG] SystemI::createSoundInternal             :     exinfo->inclusionlistnum   = 1
[LOG] SystemI::createSoundInternal             :     exinfo->suggestedsoundtype = 5
[LOG] SystemI::createSoundInternal             :     exinfo->initialseekpostype = 1
[LOG] SystemI::createSoundInternal             :     Stream 0/1: name='WhenTheWildWindBlows', format=2, channels=2, frequency=48000, lengthbytes=3457920, lengthpcm=14698511, pcmblocksize=0, loopstart=0, loopend=0, mode=0x00000000, channelmask=0x00000000, channelorder=0, peakvolume=0.491577.
[LOG] Thread::initThread                       :     Init FMOD file thread. Priority: 1, Stack Size: 16384, Semaphore: No, Sleep Time: 10, Looping: Yes.
[LOG] AsyncThread::threadFunc                  : Finished Asynchronous operation on sound 000000004CF05A78
[LOG] SoundI::getSubSound                      : sound 000000004CF05A78.  Subsound index 0 / 1
[LOG] SystemI::createSoundInternal             : Create name='', mode=0x02000202
[LOG] SystemI::createSoundInternal             : exinfo->cbsize             = 232
[LOG] SystemI::createSoundInternal             : exinfo->length             = 5461344
[LOG] SystemI::createSoundInternal             : exinfo->fileoffset         = 24064
[LOG] SystemI::createSoundInternal             : exinfo->numsubsounds       = 1
[LOG] SystemI::createSoundInternal             : exinfo->inclusionlist      = 00000000CE60F5FC
[LOG] SystemI::createSoundInternal             : exinfo->inclusionlistnum   = 1
[LOG] SystemI::createSoundInternal             : exinfo->suggestedsoundtype = 5
[LOG] SystemI::createSoundInternal             : exinfo->useropen           = 00007FFE2643D9C0
[LOG] SystemI::createSoundInternal             : exinfo->userclose          = 00007FFE2643D990
[LOG] SystemI::createSoundInternal             : exinfo->userread           = 00007FFE2643DA90
[LOG] SystemI::createSoundInternal             : exinfo->userseek           = 00007FFE2643DB50
[LOG] SystemI::createSoundInternal             : exinfo->fileuserdata       = 0000000055AF7488
[LOG] SystemI::createSoundInternal             : exinfo->initialseekpostype = 1
[LOG] SystemI::DSPCodecPoolRegister            : register codec pool for pool type 5
[LOG] SystemI::createSoundInternal             : Sample 0/1: name='430077__skyernaklea__woosh-processed', format=2, channels=2, frequency=48000, lengthbytes=4640, lengthpcm=115680, pcmblocksize=0, loopstart=0, loopend=0, mode=0x00000000, channelmask=0x00000000, channelorder=0, peakvolume=0.081952.
[LOG] SoundI::release                          : WhenTheWildWindBlows (000000004CF05A78)
[LOG] SoundI::release                          :     WhenTheWildWindBlows (000000009D5E2F08)
[LOG] SoundI::release                          :     WhenTheWildWindBlows (000000004CF05C28)
[LOG] SoundI::release                          :  (00000000A5675BE8)
[LOG] SoundI::release                          :     430077__skyernaklea__woosh-processed (000000009AE7AF08)
[LOG] Thread::callback                         : FMOD Studio update thread finished.
[LOG] Thread::callback                         : FMOD Studio bank load thread finished.
[LOG] Profile::disconnectAll                   : Profiler disconnecting all clients
[LOG] Thread::callback                         : FMOD Studio sample load thread finished.
[LOG] LiveUpdate::release                      : 
[LOG] LiveUpdate::reset                        : Reset connection (reason Disconnected)
[LOG] Thread::callback                         : FMOD stream thread finished.
[LOG] Thread::callback                         : FMOD mixer thread finished.
[LOG] Profile::disconnectAll                   : Profiler disconnecting all clients
[LOG] Thread::callback                         : FMOD nonblocking thread (0) finished.
[LOG] Thread::callback                         : FMOD file thread finished.
[LOG] SystemI::close                           : Closed.
